0 info it worked if it ends with ok
1 verbose cli [ '/usr/local/bin/node',
1 verbose cli   '/usr/local/bin/npm',
1 verbose cli   'install',
1 verbose cli   '-g',
1 verbose cli   'browser-sync' ]
2 info using npm@2.14.7
3 info using node@v4.2.2
4 verbose install initial load of /usr/local/lib/package.json
5 verbose readDependencies loading dependencies from /usr/local/lib/package.json
6 silly cache add args [ 'browser-sync', null ]
7 verbose cache add spec browser-sync
8 silly cache add parsed spec Result {
8 silly cache add   raw: 'browser-sync',
8 silly cache add   scope: null,
8 silly cache add   name: 'browser-sync',
8 silly cache add   rawSpec: '',
8 silly cache add   spec: '*',
8 silly cache add   type: 'range' }
9 silly addNamed browser-sync@*
10 verbose addNamed "*" is a valid semver range for browser-sync
11 silly addNameRange { name: 'browser-sync', range: '*', hasData: false }
12 silly mapToRegistry name browser-sync
13 silly mapToRegistry using default registry
14 silly mapToRegistry registry https://registry.npmjs.org/
15 silly mapToRegistry uri https://registry.npmjs.org/browser-sync
16 verbose addNameRange registry:https://registry.npmjs.org/browser-sync not in flight; fetching
17 verbose request uri https://registry.npmjs.org/browser-sync
18 verbose request no auth needed
19 info attempt registry request try #1 at 6:47:17 PM
20 verbose request id 8bd9a7429359c491
21 http request GET https://registry.npmjs.org/browser-sync
22 http 200 https://registry.npmjs.org/browser-sync
23 verbose headers { server: 'CouchDB/1.5.0 (Erlang OTP/R16B03)',
23 verbose headers   etag: '"X6GDCHYENVNK4BW3FEPONBHD"',
23 verbose headers   'content-type': 'application/json',
23 verbose headers   'cache-control': 'max-age=60',
23 verbose headers   'content-length': '413988',
23 verbose headers   'accept-ranges': 'bytes',
23 verbose headers   date: 'Thu, 10 Dec 2015 02:50:02 GMT',
23 verbose headers   via: '1.1 varnish',
23 verbose headers   age: '0',
23 verbose headers   connection: 'keep-alive',
23 verbose headers   'x-served-by': 'cache-sjc3130-SJC',
23 verbose headers   'x-cache': 'HIT',
23 verbose headers   'x-cache-hits': '1',
23 verbose headers   'x-timer': 'S1449715802.042274,VS0,VE161',
23 verbose headers   vary: 'Accept' }
24 silly get cb [ 200,
24 silly get   { server: 'CouchDB/1.5.0 (Erlang OTP/R16B03)',
24 silly get     etag: '"X6GDCHYENVNK4BW3FEPONBHD"',
24 silly get     'content-type': 'application/json',
24 silly get     'cache-control': 'max-age=60',
24 silly get     'content-length': '413988',
24 silly get     'accept-ranges': 'bytes',
24 silly get     date: 'Thu, 10 Dec 2015 02:50:02 GMT',
24 silly get     via: '1.1 varnish',
24 silly get     age: '0',
24 silly get     connection: 'keep-alive',
24 silly get     'x-served-by': 'cache-sjc3130-SJC',
24 silly get     'x-cache': 'HIT',
24 silly get     'x-cache-hits': '1',
24 silly get     'x-timer': 'S1449715802.042274,VS0,VE161',
24 silly get     vary: 'Accept' } ]
25 verbose get saving browser-sync to /Users/astika/.npm/registry.npmjs.org/browser-sync/.cache.json
26 silly addNameRange number 2 { name: 'browser-sync', range: '*', hasData: true }
27 silly addNameRange versions [ 'browser-sync',
27 silly addNameRange   [ '0.1.0',
27 silly addNameRange     '0.1.1',
27 silly addNameRange     '0.1.3',
27 silly addNameRange     '0.1.5',
27 silly addNameRange     '0.1.6',
27 silly addNameRange     '0.1.7',
27 silly addNameRange     '0.1.8',
27 silly addNameRange     '0.1.9',
27 silly addNameRange     '0.1.10',
27 silly addNameRange     '0.2.0',
27 silly addNameRange     '0.2.1',
27 silly addNameRange     '0.3.0',
27 silly addNameRange     '0.3.1',
27 silly addNameRange     '0.3.2',
27 silly addNameRange     '0.3.3',
27 silly addNameRange     '0.3.4',
27 silly addNameRange     '0.3.5',
27 silly addNameRange     '0.3.6',
27 silly addNameRange     '0.3.7',
27 silly addNameRange     '0.3.8',
27 silly addNameRange     '0.3.10',
27 silly addNameRange     '0.4.0',
27 silly addNameRange     '0.4.1',
27 silly addNameRange     '0.4.2',
27 silly addNameRange     '0.4.21',
27 silly addNameRange     '0.4.3',
27 silly addNameRange     '0.4.4',
27 silly addNameRange     '0.4.5',
27 silly addNameRange     '0.4.6',
27 silly addNameRange     '0.4.7',
27 silly addNameRange     '0.4.8',
27 silly addNameRange     '0.4.9',
27 silly addNameRange     '0.4.10',
27 silly addNameRange     '0.4.11',
27 silly addNameRange     '0.4.12',
27 silly addNameRange     '0.5.0',
27 silly addNameRange     '0.5.1',
27 silly addNameRange     '0.5.2',
27 silly addNameRange     '0.5.3',
27 silly addNameRange     '0.5.4',
27 silly addNameRange     '0.5.5',
27 silly addNameRange     '0.5.6',
27 silly addNameRange     '0.5.7',
27 silly addNameRange     '0.5.8',
27 silly addNameRange     '0.5.9',
27 silly addNameRange     '0.6.0',
27 silly addNameRange     '0.6.1',
27 silly addNameRange     '0.6.2',
27 silly addNameRange     '0.7.0',
27 silly addNameRange     '0.7.1',
27 silly addNameRange     '0.7.2',
27 silly addNameRange     '0.7.3',
27 silly addNameRange     '0.7.4',
27 silly addNameRange     '0.7.5',
27 silly addNameRange     '0.7.7',
27 silly addNameRange     '0.8.0',
27 silly addNameRange     '0.8.1',
27 silly addNameRange     '0.8.2',
27 silly addNameRange     '0.9.0',
27 silly addNameRange     '0.9.1',
27 silly addNameRange     '1.0.0',
27 silly addNameRange     '1.1.0',
27 silly addNameRange     '1.1.1',
27 silly addNameRange     '1.1.2',
27 silly addNameRange     '1.2.0',
27 silly addNameRange     '1.2.1',
27 silly addNameRange     '1.3.0',
27 silly addNameRange     '1.3.2',
27 silly addNameRange     '1.3.3',
27 silly addNameRange     '1.3.4',
27 silly addNameRange     '1.3.5',
27 silly addNameRange     '1.3.6',
27 silly addNameRange     '1.3.7',
27 silly addNameRange     '1.5.0',
27 silly addNameRange     '1.5.1',
27 silly addNameRange     '1.5.2',
27 silly addNameRange     '1.5.3',
27 silly addNameRange     '1.5.4',
27 silly addNameRange     '1.5.5',
27 silly addNameRange     '1.5.6',
27 silly addNameRange     '1.5.7',
27 silly addNameRange     '1.5.8',
27 silly addNameRange     '1.5.9',
27 silly addNameRange     '1.6.0',
27 silly addNameRange     '1.6.1',
27 silly addNameRange     '1.6.2',
27 silly addNameRange     '1.6.3',
27 silly addNameRange     '1.6.4',
27 silly addNameRange     '1.6.5',
27 silly addNameRange     '1.7.0',
27 silly addNameRange     '1.7.1',
27 silly addNameRange     '1.7.2',
27 silly addNameRange     '1.7.3',
27 silly addNameRange     '1.8.0',
27 silly addNameRange     '1.8.1',
27 silly addNameRange     '1.8.2',
27 silly addNameRange     '1.8.3',
27 silly addNameRange     '1.9.0',
27 silly addNameRange     '1.9.1',
27 silly addNameRange     '2.0.0-rc1',
27 silly addNameRange     '2.0.0-rc2',
27 silly addNameRange     '2.0.0-rc3',
27 silly addNameRange     '2.0.0-rc4',
27 silly addNameRange     '2.0.0-rc5',
27 silly addNameRange     '2.0.0-rc6',
27 silly addNameRange     '2.0.0-rc7',
27 silly addNameRange     '2.0.0-rc8',
27 silly addNameRange     '2.0.0-rc9',
27 silly addNameRange     '2.0.0-rc10',
27 silly addNameRange     '2.0.0',
27 silly addNameRange     '2.0.1',
27 silly addNameRange     '2.1.0',
27 silly addNameRange     '2.1.1',
27 silly addNameRange     '2.1.2',
27 silly addNameRange     '2.1.3',
27 silly addNameRange     '2.1.4',
27 silly addNameRange     '2.1.6',
27 silly addNameRange     '2.2.0',
27 silly addNameRange     '2.2.1',
27 silly addNameRange     '2.2.2',
27 silly addNameRange     '2.2.3',
27 silly addNameRange     '2.2.4',
27 silly addNameRange     '2.2.5',
27 silly addNameRange     '2.3.0',
27 silly addNameRange     '2.3.1',
27 silly addNameRange     '2.3.2',
27 silly addNameRange     '2.4.0',
27 silly addNameRange     '2.4.1',
27 silly addNameRange     '2.5.0',
27 silly addNameRange     '2.5.1',
27 silly addNameRange     '2.5.2',
27 silly addNameRange     '2.5.3',
27 silly addNameRange     '2.6.0',
27 silly addNameRange     '2.6.1',
27 silly addNameRange     '2.6.2',
27 silly addNameRange     '2.6.3',
27 silly addNameRange     '2.6.4',
27 silly addNameRange     '2.6.5',
27 silly addNameRange     '2.6.6',
27 silly addNameRange     '1.9.2',
27 silly addNameRange     '2.6.7',
27 silly addNameRange     '2.6.8',
27 silly addNameRange     '2.6.9',
27 silly addNameRange     '2.6.10',
27 silly addNameRange     '2.6.11',
27 silly addNameRange     '2.7.0',
27 silly addNameRange     '2.7.1',
27 silly addNameRange     '2.7.2',
27 silly addNameRange     '2.7.3',
27 silly addNameRange     '2.7.4',
27 silly addNameRange     '2.7.5',
27 silly addNameRange     '2.7.6',
27 silly addNameRange     '2.7.7',
27 silly addNameRange     '2.7.8',
27 silly addNameRange     '2.7.9',
27 silly addNameRange     '2.7.10',
27 silly addNameRange     '2.7.11',
27 silly addNameRange     '2.7.12',
27 silly addNameRange     '2.7.13',
27 silly addNameRange     '2.8.0',
27 silly addNameRange     '2.8.1',
27 silly addNameRange     '2.8.2',
27 silly addNameRange     '2.8.3',
27 silly addNameRange     '2.9.0',
27 silly addNameRange     '2.9.1',
27 silly addNameRange     '2.9.2',
27 silly addNameRange     '2.9.3',
27 silly addNameRange     '2.9.4',
27 silly addNameRange     '2.9.5',
27 silly addNameRange     '2.9.6',
27 silly addNameRange     '2.9.7',
27 silly addNameRange     '2.9.8',
27 silly addNameRange     '2.9.9',
27 silly addNameRange     '2.9.10',
27 silly addNameRange     '2.9.11',
27 silly addNameRange     '2.9.12',
27 silly addNameRange     '2.10.0' ] ]
28 silly addNamed browser-sync@2.10.0
29 verbose addNamed "2.10.0" is a plain semver version for browser-sync
30 silly mapToRegistry name browser-sync
31 silly mapToRegistry using default registry
32 silly mapToRegistry registry https://registry.npmjs.org/
33 silly mapToRegistry uri https://registry.npmjs.org/browser-sync
34 verbose addRemoteTarball https://registry.npmjs.org/browser-sync/-/browser-sync-2.10.0.tgz not in flight; adding
35 verbose addRemoteTarball [ 'https://registry.npmjs.org/browser-sync/-/browser-sync-2.10.0.tgz',
35 verbose addRemoteTarball   '466b1f10efab680ff36905a30b7a22f86f1e0ee8' ]
36 info retry fetch attempt 1 at 6:47:18 PM
37 info attempt registry request try #1 at 6:47:18 PM
38 http fetch GET https://registry.npmjs.org/browser-sync/-/browser-sync-2.10.0.tgz
39 http fetch 200 https://registry.npmjs.org/browser-sync/-/browser-sync-2.10.0.tgz
40 silly fetchAndShaCheck shasum 466b1f10efab680ff36905a30b7a22f86f1e0ee8
41 verbose addTmpTarball /var/folders/_d/hpkmc0_14nxd0__j4bm96y7r0000gn/T/npm-1515-23c35a1b/registry.npmjs.org/browser-sync/-/browser-sync-2.10.0.tgz not in flight; adding
42 verbose addTmpTarball already have metadata; skipping unpack for browser-sync@2.10.0
43 silly cache afterAdd browser-sync@2.10.0
44 verbose afterAdd /Users/astika/.npm/browser-sync/2.10.0/package/package.json not in flight; writing
45 verbose afterAdd /Users/astika/.npm/browser-sync/2.10.0/package/package.json written
46 silly install resolved [ { name: 'browser-sync',
46 silly install resolved     description: 'Live CSS Reload & Browser Syncing',
46 silly install resolved     version: '2.10.0',
46 silly install resolved     homepage: 'http://www.browsersync.io/',
46 silly install resolved     author: { name: 'Shane Osbourne' },
46 silly install resolved     repository:
46 silly install resolved      { type: 'git',
46 silly install resolved        url: 'git+https://github.com/browsersync/browser-sync.git' },
46 silly install resolved     license: 'Apache-2.0',
46 silly install resolved     bin: { 'browser-sync': 'bin/browser-sync.js' },
46 silly install resolved     files: [ 'bin', 'index.js', 'lib' ],
46 silly install resolved     engines: { node: '>= 0.8.0' },
46 silly install resolved     scripts:
46 silly install resolved      { env: 'node ./test/env.js',
46 silly install resolved        test: 'npm run lint && npm run env && npm run unit',
46 silly install resolved        lint: 'eslint index.js lib bin examples test/specs gulpfile.js',
46 silly install resolved        pro: 'protractor test/protractor/config.single.js',
46 silly install resolved        'pro-local': 'node test/protractor/setup.js',
46 silly install resolved        unit: 'mocha --recursive test/specs --timeout 10000',
46 silly install resolved        cover: 'npm run env && npm run cover-local && npm run coveralls',
46 silly install resolved        'cover-local': 'istanbul cover _mocha -- --timeout 10000 --recursive ./test/specs',
46 silly install resolved        coveralls: 'istanbul-coveralls',
46 silly install resolved        'pre-release': 'npm test && npm run pro-local && npm run pro' },
46 silly install resolved     dependencies:
46 silly install resolved      { anymatch: '^1.3.0',
46 silly install resolved        'async-each-series': '^0.1.1',
46 silly install resolved        'browser-sync-client': '^2.3.3',
46 silly install resolved        'browser-sync-ui': '^0.5.16',
46 silly install resolved        'bs-recipes': '^1.0.5',
46 silly install resolved        chokidar: '^1.0.5',
46 silly install resolved        connect: '^3.4.0',
46 silly install resolved        'dev-ip': '^1.0.1',
46 silly install resolved        'easy-extender': '^2.3.1',
46 silly install resolved        'eazy-logger': '^2.1.2',
46 silly install resolved        'emitter-steward': '^1.0.0',
46 silly install resolved        foxy: '^11.1.2',
46 silly install resolved        'fs-extra': '^0.26.2',
46 silly install resolved        immutable: '^3.7.4',
46 silly install resolved        localtunnel: '^1.7.0',
46 silly install resolved        lodash: '^3.9.3',
46 silly install resolved        longest: '^1.0.1',
46 silly install resolved        meow: '3.3.0',
46 silly install resolved        opn: '^3.0.2',
46 silly install resolved        portscanner: '^1.0.0',
46 silly install resolved        'query-string': '^2.4.0',
46 silly install resolved        'resp-modifier': '^5.0.0',
46 silly install resolved        'serve-index': '^1.7.0',
46 silly install resolved        'serve-static': '^1.10.0',
46 silly install resolved        'socket.io': '^1.3.7',
46 silly install resolved        'ua-parser-js': '^0.7.9',
46 silly install resolved        ucfirst: '^1.0.0' },
46 silly install resolved     devDependencies:
46 silly install resolved      { 'browser-sync-spa': '1.0.2',
46 silly install resolved        'bs-snippet-injector': '2.0.1',
46 silly install resolved        chai: '3.2.0',
46 silly install resolved        chalk: '1.1.1',
46 silly install resolved        eslint: '1.3.1',
46 silly install resolved        'graceful-fs': '3.0.8',
46 silly install resolved        gulp: '3.9.0',
46 silly install resolved        'gulp-contribs': '0.0.3',
46 silly install resolved        'gulp-conventional-changelog': '0.4.0',
46 silly install resolved        'gulp-filter': '2.0.2',
46 silly install resolved        istanbul: '0.3.19',
46 silly install resolved        'istanbul-coveralls': '1.0.3',
46 silly install resolved        mocha: '2.3.0',
46 silly install resolved        q: '1.4.1',
46 silly install resolved        request: '2.61.0',
46 silly install resolved        rimraf: '^2.4.3',
46 silly install resolved        sinon: '1.15.4',
46 silly install resolved        slugify: '0.1.1',
46 silly install resolved        'socket.io-client': '1.3.7',
46 silly install resolved        supertest: '1.1.0',
46 silly install resolved        vinyl: '0.5.3' },
46 silly install resolved     keywords: [ 'browser sync', 'css', 'live reload', 'sync' ],
46 silly install resolved     gitHead: '48fd16ccfa0e3c53b15708f106f670b340f43f89',
46 silly install resolved     bugs: { url: 'https://github.com/browsersync/browser-sync/issues' },
46 silly install resolved     _id: 'browser-sync@2.10.0',
46 silly install resolved     _shasum: '466b1f10efab680ff36905a30b7a22f86f1e0ee8',
46 silly install resolved     _from: 'browser-sync@*',
46 silly install resolved     _npmVersion: '2.11.3',
46 silly install resolved     _nodeVersion: '0.12.2',
46 silly install resolved     _npmUser: { name: 'shakyshane', email: 'shakyshane@gmail.com' },
46 silly install resolved     dist:
46 silly install resolved      { shasum: '466b1f10efab680ff36905a30b7a22f86f1e0ee8',
46 silly install resolved        tarball: 'http://registry.npmjs.org/browser-sync/-/browser-sync-2.10.0.tgz' },
46 silly install resolved     maintainers: [ [Object] ],
46 silly install resolved     directories: {},
46 silly install resolved     _resolved: 'https://registry.npmjs.org/browser-sync/-/browser-sync-2.10.0.tgz' } ]
47 info install browser-sync@2.10.0 into /usr/local/lib
48 info installOne browser-sync@2.10.0
49 verbose installOne of browser-sync to /usr/local/lib not in flight; installing
50 verbose lock using /Users/astika/.npm/_locks/browser-sync-ed941186c435fb34.lock for /usr/local/lib/node_modules/browser-sync
51 silly install write writing browser-sync 2.10.0 to /usr/local/lib/node_modules/browser-sync
52 verbose unbuild lib/node_modules/browser-sync
53 silly gentlyRm /usr/local/lib/node_modules/browser-sync is being purged from base /usr/local
54 verbose gentlyRm don't care about contents; nuking /usr/local/lib/node_modules/browser-sync
55 verbose tar unpack /Users/astika/.npm/browser-sync/2.10.0/package.tgz
56 verbose tar unpacking to /usr/local/lib/node_modules/browser-sync
57 silly gentlyRm /usr/local/lib/node_modules/browser-sync is being purged
58 verbose gentlyRm don't care about contents; nuking /usr/local/lib/node_modules/browser-sync
59 silly gunzTarPerm modes [ '755', '644' ]
60 error tar.unpack untar error /Users/astika/.npm/browser-sync/2.10.0/package.tgz
61 verbose unlock done using /Users/astika/.npm/_locks/browser-sync-ed941186c435fb34.lock for /usr/local/lib/node_modules/browser-sync
62 verbose fstream_path /usr/local/lib/node_modules/browser-sync
63 verbose fstream_type Directory
64 verbose fstream_class DirWriter
65 verbose stack Error: EACCES: permission denied, mkdir '/usr/local/lib/node_modules/browser-sync'
65 verbose stack     at Error (native)
66 verbose fstream_stack /usr/local/lib/node_modules/npm/node_modules/fstream/lib/dir-writer.js:35:25
66 verbose fstream_stack /usr/local/lib/node_modules/npm/node_modules/mkdirp/index.js:47:53
66 verbose fstream_stack FSReqWrap.oncomplete (fs.js:82:15)
67 verbose cwd /Users/astika/Desktop/Courses/Webarchi/project_phase_2/final/finalproject
68 error Darwin 11.4.2
69 error argv "/usr/local/bin/node" "/usr/local/bin/npm" "install" "-g" "browser-sync"
70 error node v4.2.2
71 error npm  v2.14.7
72 error path /usr/local/lib/node_modules/browser-sync
73 error code EACCES
74 error errno -13
75 error syscall mkdir
76 error Error: EACCES: permission denied, mkdir '/usr/local/lib/node_modules/browser-sync'
76 error     at Error (native)
76 error  { [Error: EACCES: permission denied, mkdir '/usr/local/lib/node_modules/browser-sync']
76 error   errno: -13,
76 error   code: 'EACCES',
76 error   syscall: 'mkdir',
76 error   path: '/usr/local/lib/node_modules/browser-sync',
76 error   fstream_type: 'Directory',
76 error   fstream_path: '/usr/local/lib/node_modules/browser-sync',
76 error   fstream_class: 'DirWriter',
76 error   fstream_stack:
76 error    [ '/usr/local/lib/node_modules/npm/node_modules/fstream/lib/dir-writer.js:35:25',
76 error      '/usr/local/lib/node_modules/npm/node_modules/mkdirp/index.js:47:53',
76 error      'FSReqWrap.oncomplete (fs.js:82:15)' ] }
77 error Please try running this command again as root/Administrator.
78 verbose exit [ -13, true ]
79 verbose unbuild lib/node_modules/browser-sync
80 silly gentlyRm /usr/local/lib/node_modules/browser-sync is being purged from base /usr/local
81 verbose gentlyRm don't care about contents; nuking /usr/local/lib/node_modules/browser-sync
